<?xml version="1.0" encoding="UTF-8"?>
<!-- Generated by org.testng.reporters.JUnitXMLReporter -->
<testsuite hostname="DESKTOP-C6C3577" failures="1" tests="1" name="Default test" time="1.224" errors="0" timestamp="2 Oct 2023 15:24:29 GMT">
  <testcase classname="airline.api.test.CreateAirline_6DataDrivenTestingUsingPOIJIAndVerifyAirlineUsingAssertionUtilsTest" name="createAirlineDrivenTestingUsingPOIJIAndVerifyAirlineUsingAssertionUtilsTest" time="1.205">
    <failure type="java.lang.ClassCastException" message="class airlinePOJO.Airline cannot be cast to class [Ljava.lang.Object; (airlinePOJO.Airline is in unnamed module of loader &amp;apos;app&amp;apos;; [Ljava.lang.Object; is in module java.base of loader &amp;apos;bootstrap&amp;apos;)">
      <![CDATA[java.lang.ClassCastException: class airlinePOJO.Airline cannot be cast to class [Ljava.lang.Object; (airlinePOJO.Airline is in unnamed module of loader 'app'; [Ljava.lang.Object; is in module java.base of loader 'bootstrap')
	at org.testng.internal.Invoker.invokeTestMethods(Invoker.java:1118)
	at org.testng.internal.TestMethodWorker.invokeTestMethods(TestMethodWorker.java:125)
	at org.testng.internal.TestMethodWorker.run(TestMethodWorker.java:108)
	at org.testng.TestRunner.privateRun(TestRunner.java:774)
	at org.testng.TestRunner.run(TestRunner.java:624)
	at org.testng.SuiteRunner.runTest(SuiteRunner.java:359)
	at org.testng.SuiteRunner.runSequentially(SuiteRunner.java:354)
	at org.testng.SuiteRunner.privateRun(SuiteRunner.java:312)
	at org.testng.SuiteRunner.run(SuiteRunner.java:261)
	at org.testng.SuiteRunnerWorker.runSuite(SuiteRunnerWorker.java:52)
	at org.testng.SuiteRunnerWorker.run(SuiteRunnerWorker.java:86)
	at org.testng.TestNG.runSuitesSequentially(TestNG.java:1191)
	at org.testng.TestNG.runSuitesLocally(TestNG.java:1116)
	at org.testng.TestNG.run(TestNG.java:1024)
	at org.testng.remote.AbstractRemoteTestNG.run(AbstractRemoteTestNG.java:115)
	at org.testng.remote.RemoteTestNG.initAndRun(RemoteTestNG.java:251)
	at org.testng.remote.RemoteTestNG.main(RemoteTestNG.java:77)
]]>
    </failure>
  </testcase> <!-- createAirlineDrivenTestingUsingPOIJIAndVerifyAirlineUsingAssertionUtilsTest -->
</testsuite> <!-- Default test -->
