<?xml version="1.0" encoding="UTF-8"?>
<testng-results total="1" passed="0" failed="1" skipped="0">
  <reporter-output>
  </reporter-output>
  <suite started-at="2023-10-02T15:24:28Z" name="Default suite" finished-at="2023-10-02T15:24:29Z" duration-ms="1224">
    <groups>
    </groups>
    <test started-at="2023-10-02T15:24:28Z" name="Default test" finished-at="2023-10-02T15:24:29Z" duration-ms="1224">
      <class name="airline.api.test.CreateAirline_6DataDrivenTestingUsingPOIJIAndVerifyAirlineUsingAssertionUtilsTest">
        <test-method signature="createAirlineDrivenTestingUsingPOIJIAndVerifyAirlineUsingAssertionUtilsTest(airlinePOJO.Airline)[pri:0, instance:airline.api.test.CreateAirline_6DataDrivenTestingUsingPOIJIAndVerifyAirlineUsingAssertionUtilsTest@409c54f]" started-at="2023-10-02T20:54:28Z" name="createAirlineDrivenTestingUsingPOIJIAndVerifyAirlineUsingAssertionUtilsTest" data-provider="getPoijiAirlineData" finished-at="2023-10-02T20:54:29Z" duration-ms="1205" status="FAIL">
          <exception class="java.lang.ClassCastException">
            <message>
              <![CDATA[class airlinePOJO.Airline cannot be cast to class [Ljava.lang.Object; (airlinePOJO.Airline is in unnamed module of loader 'app'; [Ljava.lang.Object; is in module java.base of loader 'bootstrap')]]>
            </message>
            <full-stacktrace>
              <![CDATA[java.lang.ClassCastException: class airlinePOJO.Airline cannot be cast to class [Ljava.lang.Object; (airlinePOJO.Airline is in unnamed module of loader 'app'; [Ljava.lang.Object; is in module java.base of loader 'bootstrap')
	at org.testng.internal.Invoker.invokeTestMethods(Invoker.java:1118)
	at org.testng.internal.TestMethodWorker.invokeTestMethods(TestMethodWorker.java:125)
	at org.testng.internal.TestMethodWorker.run(TestMethodWorker.java:108)
	at org.testng.TestRunner.privateRun(TestRunner.java:774)
	at org.testng.TestRunner.run(TestRunner.java:624)
	at org.testng.SuiteRunner.runTest(SuiteRunner.java:359)
	at org.testng.SuiteRunner.runSequentially(SuiteRunner.java:354)
	at org.testng.SuiteRunner.privateRun(SuiteRunner.java:312)
	at org.testng.SuiteRunner.run(SuiteRunner.java:261)
	at org.testng.SuiteRunnerWorker.runSuite(SuiteRunnerWorker.java:52)
	at org.testng.SuiteRunnerWorker.run(SuiteRunnerWorker.java:86)
	at org.testng.TestNG.runSuitesSequentially(TestNG.java:1191)
	at org.testng.TestNG.runSuitesLocally(TestNG.java:1116)
	at org.testng.TestNG.run(TestNG.java:1024)
	at org.testng.remote.AbstractRemoteTestNG.run(AbstractRemoteTestNG.java:115)
	at org.testng.remote.RemoteTestNG.initAndRun(RemoteTestNG.java:251)
	at org.testng.remote.RemoteTestNG.main(RemoteTestNG.java:77)
]]>
            </full-stacktrace>
          </exception> <!-- java.lang.ClassCastException -->
          <reporter-output>
          </reporter-output>
        </test-method> <!-- createAirlineDrivenTestingUsingPOIJIAndVerifyAirlineUsingAssertionUtilsTest -->
      </class> <!-- airline.api.test.CreateAirline_6DataDrivenTestingUsingPOIJIAndVerifyAirlineUsingAssertionUtilsTest -->
    </test> <!-- Default test -->
  </suite> <!-- Default suite -->
</testng-results>
